<?xml version="1.0" encoding="UTF-8"?>
<!-- Generated by org.testng.reporters.JUnitReportReporter -->
<testsuite hostname="DESKTOP-6I6TTTC" name="Skm.TestCases.TC1_LoginTesting" tests="1" failures="0" timestamp="3 Aug 2022 15:40:57 GMT" time="11.497" errors="0">
  <testcase name="loginTest" time="11.497" classname="Skm.TestCases.TC1_LoginTesting"/>
</testsuite> <!-- Skm.TestCases.TC1_LoginTesting -->
